INFO [2019-11-26 19:09:03] $x
INFO [2019-11-26 19:09:03] list(c_hl_dn[, 1], borst_dn[, 1])
INFO [2019-11-26 19:09:03] 
INFO [2019-11-26 19:09:03] $category.names
INFO [2019-11-26 19:09:03] c("Helpless memory", "Borst RNA-Seq")
INFO [2019-11-26 19:09:03] 
INFO [2019-11-26 19:09:03] $filename
INFO [2019-11-26 19:09:03] [1] "../venn_hl_borst_dn.png"
INFO [2019-11-26 19:09:03] 
INFO [2019-11-26 19:09:03] $fill
INFO [2019-11-26 19:09:03] brewer.pal(3, "Pastel2")[1:2]
INFO [2019-11-26 19:09:03] 
INFO [2019-11-26 19:09:03] $lwd
INFO [2019-11-26 19:09:03] [1] 2
INFO [2019-11-26 19:09:03] 
INFO [2019-11-26 19:09:03] $lty
INFO [2019-11-26 19:09:03] [1] "blank"
INFO [2019-11-26 19:09:03] 
INFO [2019-11-26 19:09:03] $cex
INFO [2019-11-26 19:09:03] [1] 0.5
INFO [2019-11-26 19:09:03] 
INFO [2019-11-26 19:09:03] $fontfamily
INFO [2019-11-26 19:09:03] [1] "sans"
INFO [2019-11-26 19:09:03] 
INFO [2019-11-26 19:09:03] $cat.cex
INFO [2019-11-26 19:09:03] [1] 0.6
INFO [2019-11-26 19:09:03] 
INFO [2019-11-26 19:09:03] $cat.default.pos
INFO [2019-11-26 19:09:03] [1] "outer"
INFO [2019-11-26 19:09:03] 
